<?xml version="1.0" encoding="UTF-8"?>
<testng-results skipped="0" failed="0" ignored="0" total="2" passed="2">
  <reporter-output>
  </reporter-output>
  <suite name="Driver_Factory_Suite" duration-ms="47599" started-at="2022-06-24T12:31:30 CDT" finished-at="2022-06-24T12:32:17 CDT">
    <groups>
    </groups>
    <test name="ChromeTest" duration-ms="47599" started-at="2022-06-24T12:31:30 CDT" finished-at="2022-06-24T12:32:17 CDT">
      <class name="com.ti.testcases.TestClass">
        <test-method status="PASS" signature="setup(java.lang.String)[pri:0, instance:com.ti.testcases.TestClass@1a1d6a08]" name="setup" is-config="true" duration-ms="10640" started-at="2022-06-24T12:31:30 CDT" finished-at="2022-06-24T12:31:40 CDT">
          <params>
            <param index="0">
              <value>
                <![CDATA[Chrome]]>
              </value>
            </param>
          </params>
          <reporter-output>
          </reporter-output>
        </test-method> <!-- setup -->
        <test-method status="PASS" signature="searchBeer()[pri:1, instance:com.ti.testcases.TestClass@1a1d6a08]" name="searchBeer" duration-ms="18016" started-at="2022-06-24T12:31:40 CDT" finished-at="2022-06-24T12:31:58 CDT">
          <reporter-output>
          </reporter-output>
        </test-method> <!-- searchBeer -->
        <test-method status="PASS" signature="selectWine()[pri:2, instance:com.ti.testcases.TestClass@1a1d6a08]" name="selectWine" duration-ms="18044" started-at="2022-06-24T12:31:58 CDT" finished-at="2022-06-24T12:32:16 CDT">
          <reporter-output>
          </reporter-output>
        </test-method> <!-- selectWine -->
        <test-method status="PASS" signature="turnDown()[pri:0, instance:com.ti.testcases.TestClass@1a1d6a08]" name="turnDown" is-config="true" duration-ms="846" started-at="2022-06-24T12:32:16 CDT" finished-at="2022-06-24T12:32:17 CDT">
          <reporter-output>
          </reporter-output>
        </test-method> <!-- turnDown -->
      </class> <!-- com.ti.testcases.TestClass -->
    </test> <!-- ChromeTest -->
  </suite> <!-- Driver_Factory_Suite -->
</testng-results>
